<?xml version="1.0" encoding="UTF-8"?>
<testsuite name="com.dmc.DMCApplicationTests" time="0.033" tests="1" errors="0" skipped="0" failures="0">
  <properties>
    <property name="idea.version" value="2022.3.2"/>
    <property name="java.runtime.name" value="OpenJDK Runtime Environment"/>
    <property name="sun.boot.library.path" value="/root/.jdks/corretto-1.8.0_362/jre/lib/amd64"/>
    <property name="java.vm.version" value="25.362-b08"/>
    <property name="java.vm.vendor" value="Amazon.com Inc."/>
    <property name="maven.multiModuleProjectDirectory" value="/home/runcor3/Desktop/SVT_Project/Project_2_SVT_Arcolini_Colotti/CVE-2020-19704/VulnerableFramework/spring-boot-admin"/>
    <property name="java.vendor.url" value="https://aws.amazon.com/corretto/"/>
    <property name="path.separator" value=":"/>
    <property name="guice.disable.misplaced.annotation.check" value="true"/>
    <property name="java.vm.name" value="OpenJDK 64-Bit Server VM"/>
    <property name="file.encoding.pkg" value="sun.io"/>
    <property name="user.country" value="US"/>
    <property name="sun.java.launcher" value="SUN_STANDARD"/>
    <property name="sun.os.patch.level" value="unknown"/>
    <property name="java.vm.specification.name" value="Java Virtual Machine Specification"/>
    <property name="user.dir" value="/home/runcor3/Desktop/SVT_Project/Project_2_SVT_Arcolini_Colotti/CVE-2020-19704/VulnerableFramework/spring-boot-admin"/>
    <property name="java.runtime.version" value="1.8.0_362-b08"/>
    <property name="java.awt.graphicsenv" value="sun.awt.X11GraphicsEnvironment"/>
    <property name="java.endorsed.dirs" value="/root/.jdks/corretto-1.8.0_362/jre/lib/endorsed"/>
    <property name="os.arch" value="amd64"/>
    <property name="java.io.tmpdir" value="/tmp"/>
    <property name="line.separator" value="&#10;"/>
    <property name="java.vm.specification.vendor" value="Oracle Corporation"/>
    <property name="os.name" value="Linux"/>
    <property name="maven.ext.class.path" value="/opt/idea-IC-223.8617.56/plugins/maven/lib/maven-event-listener.jar"/>
    <property name="classworlds.conf" value="/opt/idea-IC-223.8617.56/plugins/maven/lib/maven3/bin/m2.conf"/>
    <property name="sun.jnu.encoding" value="UTF-8"/>
    <property name="java.library.path" value="/root/Desktop/dbmain/bin:/root/Desktop/dbmain/bin/../java/jre/lib/amd64/server:/root/Desktop/dbmain/bin:/root/Desktop/dbmain/bin/../java/jre/lib/amd64/server::/usr/java/packages/lib/amd64:/usr/lib64:/lib64:/lib:/usr/lib"/>
    <property name="jansi.passthrough" value="true"/>
    <property name="maven.conf" value="/opt/idea-IC-223.8617.56/plugins/maven/lib/maven3/conf"/>
    <property name="java.specification.name" value="Java Platform API Specification"/>
    <property name="java.class.version" value="52.0"/>
    <property name="sun.management.compiler" value="HotSpot 64-Bit Tiered Compilers"/>
    <property name="os.version" value="5.15.0-60-generic"/>
    <property name="user.home" value="/root"/>
    <property name="user.timezone" value="Europe/Rome"/>
    <property name="java.awt.printerjob" value="sun.print.PSPrinterJob"/>
    <property name="java.specification.version" value="1.8"/>
    <property name="file.encoding" value="UTF-8"/>
    <property name="user.name" value="root"/>
    <property name="java.class.path" value="/opt/idea-IC-223.8617.56/plugins/maven/lib/maven3/boot/plexus-classworlds.license:/opt/idea-IC-223.8617.56/plugins/maven/lib/maven3/boot/plexus-classworlds-2.6.0.jar:/opt/idea-IC-223.8617.56/lib/idea_rt.jar"/>
    <property name="java.vm.specification.version" value="1.8"/>
    <property name="sun.arch.data.model" value="64"/>
    <property name="java.home" value="/root/.jdks/corretto-1.8.0_362/jre"/>
    <property name="sun.java.command" value="org.codehaus.classworlds.Launcher -Didea.version=2022.3.2 package"/>
    <property name="java.specification.vendor" value="Oracle Corporation"/>
    <property name="user.language" value="en"/>
    <property name="awt.toolkit" value="sun.awt.X11.XToolkit"/>
    <property name="java.vm.info" value="mixed mode"/>
    <property name="java.version" value="1.8.0_362"/>
    <property name="java.ext.dirs" value="/root/.jdks/corretto-1.8.0_362/jre/lib/ext:/usr/java/packages/lib/ext"/>
    <property name="securerandom.source" value="file:/dev/./urandom"/>
    <property name="sun.boot.class.path" value="/root/.jdks/corretto-1.8.0_362/jre/lib/resources.jar:/root/.jdks/corretto-1.8.0_362/jre/lib/rt.jar:/root/.jdks/corretto-1.8.0_362/jre/lib/sunrsasign.jar:/root/.jdks/corretto-1.8.0_362/jre/lib/jsse.jar:/root/.jdks/corretto-1.8.0_362/jre/lib/jce.jar:/root/.jdks/corretto-1.8.0_362/jre/lib/charsets.jar:/root/.jdks/corretto-1.8.0_362/jre/lib/jfr.jar:/root/.jdks/corretto-1.8.0_362/jre/classes"/>
    <property name="java.vendor" value="Amazon.com Inc."/>
    <property name="java.specification.maintenance.version" value="4"/>
    <property name="maven.home" value="/opt/idea-IC-223.8617.56/plugins/maven/lib/maven3"/>
    <property name="file.separator" value="/"/>
    <property name="java.vendor.url.bug" value="https://github.com/corretto/corretto-8/issues/"/>
    <property name="sun.cpu.endian" value="little"/>
    <property name="sun.io.unicode.encoding" value="UnicodeLittle"/>
    <property name="sun.cpu.isalist" value=""/>
  </properties>
  <testcase name="contextLoads" classname="com.dmc.DMCApplicationTests" time="0.033"/>
</testsuite>